2025-05-17 21:50:15.921 [ INFO] [main] pulse.back.BackApplication - Starting BackApplication using Java 21.0.4 with PID 35206 (/Users/ssddo/study/pulse-back/build/classes/java/main started by ssddo in /Users/ssddo/study/pulse-back)
2025-05-17 21:50:16.020 [ INFO] [main] pulse.back.BackApplication - The following 1 profile is active: "private"
2025-05-17 21:50:18.742 [ INFO] [main] org.springframework.data.repository.config.RepositoryConfigurationDelegate - Multiple Spring Data modules found, entering strict repository configuration mode
2025-05-17 21:50:18.745 [ INFO] [main] org.springframework.data.repository.config.RepositoryConfigurationDelegate - Bootstrapping Spring Data Reactive MongoDB repositories in DEFAULT mode.
2025-05-17 21:50:19.129 [ INFO] [main] org.springframework.data.repository.config.RepositoryConfigurationDelegate - Finished Spring Data repository scanning in 378 ms. Found 5 Reactive MongoDB repository interfaces.
2025-05-17 21:50:19.843 [ INFO] [main] org.springframework.data.repository.config.RepositoryConfigurationDelegate - Multiple Spring Data modules found, entering strict repository configuration mode
2025-05-17 21:50:19.847 [ INFO] [main] org.springframework.data.repository.config.RepositoryConfigurationDelegate - Bootstrapping Spring Data Redis repositories in DEFAULT mode.
2025-05-17 21:50:20.028 [ INFO] [main] org.springframework.data.repository.config.RepositoryConfigurationExtensionSupport - Spring Data Redis - Could not safely identify store assignment for repository candidate interface pulse.back.domain.admin.category.CategoryRepository; If you want this repository to be a Redis repository, consider annotating your entities with one of these annotations: org.springframework.data.redis.core.RedisHash (preferred), or consider extending one of the following types with your repository: org.springframework.data.keyvalue.repository.KeyValueRepository
2025-05-17 21:50:20.031 [ INFO] [main] org.springframework.data.repository.config.RepositoryConfigurationExtensionSupport - Spring Data Redis - Could not safely identify store assignment for repository candidate interface pulse.back.domain.admin.item.ItemRepository; If you want this repository to be a Redis repository, consider annotating your entities with one of these annotations: org.springframework.data.redis.core.RedisHash (preferred), or consider extending one of the following types with your repository: org.springframework.data.keyvalue.repository.KeyValueRepository
2025-05-17 21:50:20.032 [ INFO] [main] org.springframework.data.repository.config.RepositoryConfigurationExtensionSupport - Spring Data Redis - Could not safely identify store assignment for repository candidate interface pulse.back.domain.admin.terms.TermsRepository; If you want this repository to be a Redis repository, consider annotating your entities with one of these annotations: org.springframework.data.redis.core.RedisHash (preferred), or consider extending one of the following types with your repository: org.springframework.data.keyvalue.repository.KeyValueRepository
2025-05-17 21:50:20.044 [ INFO] [main] org.springframework.data.repository.config.RepositoryConfigurationExtensionSupport - Spring Data Redis - Could not safely identify store assignment for repository candidate interface pulse.back.domain.member.repository.MemberRepository; If you want this repository to be a Redis repository, consider annotating your entities with one of these annotations: org.springframework.data.redis.core.RedisHash (preferred), or consider extending one of the following types with your repository: org.springframework.data.keyvalue.repository.KeyValueRepository
2025-05-17 21:50:20.045 [ INFO] [main] org.springframework.data.repository.config.RepositoryConfigurationExtensionSupport - Spring Data Redis - Could not safely identify store assignment for repository candidate interface pulse.back.domain.mentoring.repository.MentoringRepository; If you want this repository to be a Redis repository, consider annotating your entities with one of these annotations: org.springframework.data.redis.core.RedisHash (preferred), or consider extending one of the following types with your repository: org.springframework.data.keyvalue.repository.KeyValueRepository
2025-05-17 21:50:20.054 [ INFO] [main] org.springframework.data.repository.config.RepositoryConfigurationDelegate - Finished Spring Data repository scanning in 188 ms. Found 0 Redis repository interfaces.
2025-05-17 21:50:24.208 [ INFO] [cluster-ClusterId{value='68288610fe88dc66d7090b00', description='null'}-srv-cluster.0mtmr.mongodb.net] org.mongodb.driver.cluster - Adding discovered server cluster-shard-00-00.0mtmr.mongodb.net:27017 to client view of cluster
2025-05-17 21:50:24.219 [ INFO] [main] org.mongodb.driver.client - MongoClient with metadata {"driver": {"name": "mongo-java-driver|reactive-streams", "version": "4.11.2"}, "os": {"type": "Darwin", "name": "Mac OS X", "architecture": "x86_64", "version": "14.5"}, "platform": "Java/Oracle Corporation/21.0.4+8-LTS-jvmci-23.1-b41"} created with settings MongoClientSettings{readPreference=primary, writeConcern=WriteConcern{w=majority, wTimeout=null ms, journal=null}, retryWrites=true, retryReads=true, readConcern=ReadConcern{level=null}, credential=MongoCredential{mechanism=null, userName='ssddo', source='admin', password=<hidden>, mechanismProperties=<hidden>}, transportSettings=null, streamFactoryFactory=null, commandListeners=[], codecRegistry=ProvidersCodecRegistry{codecProviders=[ValueCodecProvider{}, BsonValueCodecProvider{}, DBRefCodecProvider{}, DBObjectCodecProvider{}, DocumentCodecProvider{}, CollectionCodecProvider{}, IterableCodecProvider{}, MapCodecProvider{}, GeoJsonCodecProvider{}, GridFSFileCodecProvider{}, Jsr310CodecProvider{}, JsonObjectCodecProvider{}, BsonCodecProvider{}, EnumCodecProvider{}, com.mongodb.client.model.mql.ExpressionCodecProvider@288728e, com.mongodb.Jep395RecordCodecProvider@b7d2d51, com.mongodb.KotlinCodecProvider@641ed324]}, loggerSettings=LoggerSettings{maxDocumentLength=1000}, clusterSettings={hosts=[127.0.0.1:27017], srvHost=cluster.0mtmr.mongodb.net, srvServiceName=mongodb, mode=MULTIPLE, requiredClusterType=REPLICA_SET, requiredReplicaSetName='atlas-2baa9v-shard-0', serverSelector='null', clusterListeners='[]', serverSelectionTimeout='30000 ms', localThreshold='15 ms'}, socketSettings=SocketSettings{connectTimeoutMS=10000, readTimeoutMS=0, receiveBufferSize=0, proxySettings=ProxySettings{host=null, port=null, username=null, password=null}}, heartbeatSocketSettings=SocketSettings{connectTimeoutMS=10000, readTimeoutMS=10000, receiveBufferSize=0, proxySettings=ProxySettings{host=null, port=null, username=null, password=null}}, connectionPoolSettings=ConnectionPoolSettings{maxSize=100, minSize=0, maxWaitTimeMS=120000, maxConnectionLifeTimeMS=0, maxConnectionIdleTimeMS=0, maintenanceInitialDelayMS=0, maintenanceFrequencyMS=60000, connectionPoolListeners=[], maxConnecting=2}, serverSettings=ServerSettings{heartbeatFrequencyMS=10000, minHeartbeatFrequencyMS=500, serverListeners='[]', serverMonitorListeners='[]'}, sslSettings=SslSettings{enabled=true, invalidHostNameAllowed=false, context=null}, applicationName='null', compressorList=[], uuidRepresentation=UNSPECIFIED, serverApi=null, autoEncryptionSettings=null, dnsClient=null, inetAddressResolver=null, contextProvider=null}
2025-05-17 21:50:24.262 [ INFO] [cluster-ClusterId{value='68288610fe88dc66d7090b00', description='null'}-srv-cluster.0mtmr.mongodb.net] org.mongodb.driver.cluster - Adding discovered server cluster-shard-00-01.0mtmr.mongodb.net:27017 to client view of cluster
2025-05-17 21:50:24.297 [ INFO] [cluster-ClusterId{value='68288610fe88dc66d7090b00', description='null'}-srv-cluster.0mtmr.mongodb.net] org.mongodb.driver.cluster - Adding discovered server cluster-shard-00-02.0mtmr.mongodb.net:27017 to client view of cluster
2025-05-17 21:50:26.211 [ INFO] [cluster-ClusterId{value='68288610fe88dc66d7090b00', description='null'}-cluster-shard-00-00.0mtmr.mongodb.net:27017] org.mongodb.driver.cluster - Monitor thread successfully connected to server with description ServerDescription{address=cluster-shard-00-00.0mtmr.mongodb.net:27017, type=REPLICA_SET_SECONDARY, state=CONNECTED, ok=true, minWireVersion=0, maxWireVersion=25, maxDocumentSize=16777216, logicalSessionTimeoutMinutes=30, roundTripTimeNanos=1165323416, setName='atlas-2baa9v-shard-0', canonicalAddress=cluster-shard-00-00.0mtmr.mongodb.net:27017, hosts=[cluster-shard-00-00.0mtmr.mongodb.net:27017, cluster-shard-00-01.0mtmr.mongodb.net:27017, cluster-shard-00-02.0mtmr.mongodb.net:27017], passives=[], arbiters=[], primary='cluster-shard-00-02.0mtmr.mongodb.net:27017', tagSet=TagSet{[Tag{name='availabilityZone', value='apne2-az1'}, Tag{name='diskState', value='READY'}, Tag{name='nodeType', value='ELECTABLE'}, Tag{name='provider', value='AWS'}, Tag{name='region', value='AP_NORTHEAST_2'}, Tag{name='workloadType', value='OPERATIONAL'}]}, electionId=null, setVersion=6, topologyVersion=TopologyVersion{processId=681a36361f27e7504bd5ef67, counter=5}, lastWriteDate=Sat May 17 21:50:25 KST 2025, lastUpdateTimeNanos=413364542449707}
2025-05-17 21:50:26.211 [ INFO] [cluster-ClusterId{value='68288610fe88dc66d7090b00', description='null'}-cluster-shard-00-01.0mtmr.mongodb.net:27017] org.mongodb.driver.cluster - Monitor thread successfully connected to server with description ServerDescription{address=cluster-shard-00-01.0mtmr.mongodb.net:27017, type=REPLICA_SET_SECONDARY, state=CONNECTED, ok=true, minWireVersion=0, maxWireVersion=25, maxDocumentSize=16777216, logicalSessionTimeoutMinutes=30, roundTripTimeNanos=1153350875, setName='atlas-2baa9v-shard-0', canonicalAddress=cluster-shard-00-01.0mtmr.mongodb.net:27017, hosts=[cluster-shard-00-00.0mtmr.mongodb.net:27017, cluster-shard-00-01.0mtmr.mongodb.net:27017, cluster-shard-00-02.0mtmr.mongodb.net:27017], passives=[], arbiters=[], primary='cluster-shard-00-02.0mtmr.mongodb.net:27017', tagSet=TagSet{[Tag{name='availabilityZone', value='apne2-az3'}, Tag{name='diskState', value='READY'}, Tag{name='nodeType', value='ELECTABLE'}, Tag{name='provider', value='AWS'}, Tag{name='region', value='AP_NORTHEAST_2'}, Tag{name='workloadType', value='OPERATIONAL'}]}, electionId=null, setVersion=6, topologyVersion=TopologyVersion{processId=681a3c82267c1c94eea716bd, counter=3}, lastWriteDate=Sat May 17 21:50:25 KST 2025, lastUpdateTimeNanos=413364531642707}
2025-05-17 21:50:26.211 [ INFO] [cluster-ClusterId{value='68288610fe88dc66d7090b00', description='null'}-cluster-shard-00-02.0mtmr.mongodb.net:27017] org.mongodb.driver.cluster - Monitor thread successfully connected to server with description ServerDescription{address=cluster-shard-00-02.0mtmr.mongodb.net:27017, type=REPLICA_SET_PRIMARY, state=CONNECTED, ok=true, minWireVersion=0, maxWireVersion=25, maxDocumentSize=16777216, logicalSessionTimeoutMinutes=30, roundTripTimeNanos=1162431125, setName='atlas-2baa9v-shard-0', canonicalAddress=cluster-shard-00-02.0mtmr.mongodb.net:27017, hosts=[cluster-shard-00-00.0mtmr.mongodb.net:27017, cluster-shard-00-01.0mtmr.mongodb.net:27017, cluster-shard-00-02.0mtmr.mongodb.net:27017], passives=[], arbiters=[], primary='cluster-shard-00-02.0mtmr.mongodb.net:27017', tagSet=TagSet{[Tag{name='availabilityZone', value='apne2-az2'}, Tag{name='diskState', value='READY'}, Tag{name='nodeType', value='ELECTABLE'}, Tag{name='provider', value='AWS'}, Tag{name='region', value='AP_NORTHEAST_2'}, Tag{name='workloadType', value='OPERATIONAL'}]}, electionId=7fffffff0000000000000085, setVersion=6, topologyVersion=TopologyVersion{processId=681a39747c70f3a70817e8ce, counter=6}, lastWriteDate=Sat May 17 21:50:25 KST 2025, lastUpdateTimeNanos=413364542135582}
2025-05-17 21:50:26.225 [ INFO] [cluster-ClusterId{value='68288610fe88dc66d7090b00', description='null'}-cluster-shard-00-02.0mtmr.mongodb.net:27017] org.mongodb.driver.cluster - Discovered replica set primary cluster-shard-00-02.0mtmr.mongodb.net:27017 with max election id 7fffffff0000000000000085 and max set version 6
2025-05-17 21:50:29.580 [ INFO] [main] org.springframework.boot.web.embedded.netty.NettyWebServer - Netty started on port 8080
2025-05-17 21:50:29.642 [ INFO] [main] pulse.back.BackApplication - Started BackApplication in 15.433 seconds (process running for 16.816)
2025-05-17 21:59:34.570 [ INFO] [main] pulse.back.BackApplication - Starting BackApplication using Java 21.0.4 with PID 40817 (/Users/ssddo/study/pulse-back/build/classes/java/main started by ssddo in /Users/ssddo/study/pulse-back)
2025-05-17 21:59:34.575 [ INFO] [main] pulse.back.BackApplication - The following 1 profile is active: "private"
2025-05-17 21:59:36.920 [ INFO] [main] org.springframework.data.repository.config.RepositoryConfigurationDelegate - Multiple Spring Data modules found, entering strict repository configuration mode
2025-05-17 21:59:36.929 [ INFO] [main] org.springframework.data.repository.config.RepositoryConfigurationDelegate - Bootstrapping Spring Data Reactive MongoDB repositories in DEFAULT mode.
2025-05-17 21:59:37.455 [ INFO] [main] org.springframework.data.repository.config.RepositoryConfigurationDelegate - Finished Spring Data repository scanning in 514 ms. Found 5 Reactive MongoDB repository interfaces.
2025-05-17 21:59:38.159 [ INFO] [main] org.springframework.data.repository.config.RepositoryConfigurationDelegate - Multiple Spring Data modules found, entering strict repository configuration mode
2025-05-17 21:59:38.161 [ INFO] [main] org.springframework.data.repository.config.RepositoryConfigurationDelegate - Bootstrapping Spring Data Redis repositories in DEFAULT mode.
2025-05-17 21:59:38.243 [ INFO] [main] org.springframework.data.repository.config.RepositoryConfigurationExtensionSupport - Spring Data Redis - Could not safely identify store assignment for repository candidate interface pulse.back.domain.admin.category.CategoryRepository; If you want this repository to be a Redis repository, consider annotating your entities with one of these annotations: org.springframework.data.redis.core.RedisHash (preferred), or consider extending one of the following types with your repository: org.springframework.data.keyvalue.repository.KeyValueRepository
2025-05-17 21:59:38.244 [ INFO] [main] org.springframework.data.repository.config.RepositoryConfigurationExtensionSupport - Spring Data Redis - Could not safely identify store assignment for repository candidate interface pulse.back.domain.admin.item.ItemRepository; If you want this repository to be a Redis repository, consider annotating your entities with one of these annotations: org.springframework.data.redis.core.RedisHash (preferred), or consider extending one of the following types with your repository: org.springframework.data.keyvalue.repository.KeyValueRepository
2025-05-17 21:59:38.245 [ INFO] [main] org.springframework.data.repository.config.RepositoryConfigurationExtensionSupport - Spring Data Redis - Could not safely identify store assignment for repository candidate interface pulse.back.domain.admin.terms.TermsRepository; If you want this repository to be a Redis repository, consider annotating your entities with one of these annotations: org.springframework.data.redis.core.RedisHash (preferred), or consider extending one of the following types with your repository: org.springframework.data.keyvalue.repository.KeyValueRepository
2025-05-17 21:59:38.247 [ INFO] [main] org.springframework.data.repository.config.RepositoryConfigurationExtensionSupport - Spring Data Redis - Could not safely identify store assignment for repository candidate interface pulse.back.domain.member.repository.MemberRepository; If you want this repository to be a Redis repository, consider annotating your entities with one of these annotations: org.springframework.data.redis.core.RedisHash (preferred), or consider extending one of the following types with your repository: org.springframework.data.keyvalue.repository.KeyValueRepository
2025-05-17 21:59:38.247 [ INFO] [main] org.springframework.data.repository.config.RepositoryConfigurationExtensionSupport - Spring Data Redis - Could not safely identify store assignment for repository candidate interface pulse.back.domain.mentoring.repository.MentoringRepository; If you want this repository to be a Redis repository, consider annotating your entities with one of these annotations: org.springframework.data.redis.core.RedisHash (preferred), or consider extending one of the following types with your repository: org.springframework.data.keyvalue.repository.KeyValueRepository
2025-05-17 21:59:38.248 [ INFO] [main] org.springframework.data.repository.config.RepositoryConfigurationDelegate - Finished Spring Data repository scanning in 70 ms. Found 0 Redis repository interfaces.
2025-05-17 21:59:42.135 [ INFO] [cluster-ClusterId{value='6828883e492e0a2b433b3d31', description='null'}-srv-cluster.0mtmr.mongodb.net] org.mongodb.driver.cluster - Adding discovered server cluster-shard-00-00.0mtmr.mongodb.net:27017 to client view of cluster
2025-05-17 21:59:42.147 [ INFO] [main] org.mongodb.driver.client - MongoClient with metadata {"driver": {"name": "mongo-java-driver|reactive-streams", "version": "4.11.2"}, "os": {"type": "Darwin", "name": "Mac OS X", "architecture": "x86_64", "version": "14.5"}, "platform": "Java/Oracle Corporation/21.0.4+8-LTS-jvmci-23.1-b41"} created with settings MongoClientSettings{readPreference=primary, writeConcern=WriteConcern{w=majority, wTimeout=null ms, journal=null}, retryWrites=true, retryReads=true, readConcern=ReadConcern{level=null}, credential=MongoCredential{mechanism=null, userName='ssddo', source='admin', password=<hidden>, mechanismProperties=<hidden>}, transportSettings=null, streamFactoryFactory=null, commandListeners=[], codecRegistry=ProvidersCodecRegistry{codecProviders=[ValueCodecProvider{}, BsonValueCodecProvider{}, DBRefCodecProvider{}, DBObjectCodecProvider{}, DocumentCodecProvider{}, CollectionCodecProvider{}, IterableCodecProvider{}, MapCodecProvider{}, GeoJsonCodecProvider{}, GridFSFileCodecProvider{}, Jsr310CodecProvider{}, JsonObjectCodecProvider{}, BsonCodecProvider{}, EnumCodecProvider{}, com.mongodb.client.model.mql.ExpressionCodecProvider@74431b9c, com.mongodb.Jep395RecordCodecProvider@f2fb225, com.mongodb.KotlinCodecProvider@1883871b]}, loggerSettings=LoggerSettings{maxDocumentLength=1000}, clusterSettings={hosts=[127.0.0.1:27017], srvHost=cluster.0mtmr.mongodb.net, srvServiceName=mongodb, mode=MULTIPLE, requiredClusterType=REPLICA_SET, requiredReplicaSetName='atlas-2baa9v-shard-0', serverSelector='null', clusterListeners='[]', serverSelectionTimeout='30000 ms', localThreshold='15 ms'}, socketSettings=SocketSettings{connectTimeoutMS=10000, readTimeoutMS=0, receiveBufferSize=0, proxySettings=ProxySettings{host=null, port=null, username=null, password=null}}, heartbeatSocketSettings=SocketSettings{connectTimeoutMS=10000, readTimeoutMS=10000, receiveBufferSize=0, proxySettings=ProxySettings{host=null, port=null, username=null, password=null}}, connectionPoolSettings=ConnectionPoolSettings{maxSize=100, minSize=0, maxWaitTimeMS=120000, maxConnectionLifeTimeMS=0, maxConnectionIdleTimeMS=0, maintenanceInitialDelayMS=0, maintenanceFrequencyMS=60000, connectionPoolListeners=[], maxConnecting=2}, serverSettings=ServerSettings{heartbeatFrequencyMS=10000, minHeartbeatFrequencyMS=500, serverListeners='[]', serverMonitorListeners='[]'}, sslSettings=SslSettings{enabled=true, invalidHostNameAllowed=false, context=null}, applicationName='null', compressorList=[], uuidRepresentation=UNSPECIFIED, serverApi=null, autoEncryptionSettings=null, dnsClient=null, inetAddressResolver=null, contextProvider=null}
2025-05-17 21:59:42.179 [ INFO] [cluster-ClusterId{value='6828883e492e0a2b433b3d31', description='null'}-srv-cluster.0mtmr.mongodb.net] org.mongodb.driver.cluster - Adding discovered server cluster-shard-00-01.0mtmr.mongodb.net:27017 to client view of cluster
2025-05-17 21:59:42.210 [ INFO] [cluster-ClusterId{value='6828883e492e0a2b433b3d31', description='null'}-srv-cluster.0mtmr.mongodb.net] org.mongodb.driver.cluster - Adding discovered server cluster-shard-00-02.0mtmr.mongodb.net:27017 to client view of cluster
2025-05-17 21:59:44.270 [ INFO] [cluster-ClusterId{value='6828883e492e0a2b433b3d31', description='null'}-cluster-shard-00-00.0mtmr.mongodb.net:27017] org.mongodb.driver.cluster - Monitor thread successfully connected to server with description ServerDescription{address=cluster-shard-00-00.0mtmr.mongodb.net:27017, type=REPLICA_SET_SECONDARY, state=CONNECTED, ok=true, minWireVersion=0, maxWireVersion=25, maxDocumentSize=16777216, logicalSessionTimeoutMinutes=30, roundTripTimeNanos=1441607583, setName='atlas-2baa9v-shard-0', canonicalAddress=cluster-shard-00-00.0mtmr.mongodb.net:27017, hosts=[cluster-shard-00-00.0mtmr.mongodb.net:27017, cluster-shard-00-01.0mtmr.mongodb.net:27017, cluster-shard-00-02.0mtmr.mongodb.net:27017], passives=[], arbiters=[], primary='cluster-shard-00-02.0mtmr.mongodb.net:27017', tagSet=TagSet{[Tag{name='availabilityZone', value='apne2-az1'}, Tag{name='diskState', value='READY'}, Tag{name='nodeType', value='ELECTABLE'}, Tag{name='provider', value='AWS'}, Tag{name='region', value='AP_NORTHEAST_2'}, Tag{name='workloadType', value='OPERATIONAL'}]}, electionId=null, setVersion=6, topologyVersion=TopologyVersion{processId=681a36361f27e7504bd5ef67, counter=5}, lastWriteDate=Sat May 17 21:59:43 KST 2025, lastUpdateTimeNanos=413922612501541}
2025-05-17 21:59:44.270 [ INFO] [cluster-ClusterId{value='6828883e492e0a2b433b3d31', description='null'}-cluster-shard-00-01.0mtmr.mongodb.net:27017] org.mongodb.driver.cluster - Monitor thread successfully connected to server with description ServerDescription{address=cluster-shard-00-01.0mtmr.mongodb.net:27017, type=REPLICA_SET_SECONDARY, state=CONNECTED, ok=true, minWireVersion=0, maxWireVersion=25, maxDocumentSize=16777216, logicalSessionTimeoutMinutes=30, roundTripTimeNanos=1427162583, setName='atlas-2baa9v-shard-0', canonicalAddress=cluster-shard-00-01.0mtmr.mongodb.net:27017, hosts=[cluster-shard-00-00.0mtmr.mongodb.net:27017, cluster-shard-00-01.0mtmr.mongodb.net:27017, cluster-shard-00-02.0mtmr.mongodb.net:27017], passives=[], arbiters=[], primary='cluster-shard-00-02.0mtmr.mongodb.net:27017', tagSet=TagSet{[Tag{name='availabilityZone', value='apne2-az3'}, Tag{name='diskState', value='READY'}, Tag{name='nodeType', value='ELECTABLE'}, Tag{name='provider', value='AWS'}, Tag{name='region', value='AP_NORTHEAST_2'}, Tag{name='workloadType', value='OPERATIONAL'}]}, electionId=null, setVersion=6, topologyVersion=TopologyVersion{processId=681a3c82267c1c94eea716bd, counter=3}, lastWriteDate=Sat May 17 21:59:43 KST 2025, lastUpdateTimeNanos=413922599152416}
2025-05-17 21:59:44.270 [ INFO] [cluster-ClusterId{value='6828883e492e0a2b433b3d31', description='null'}-cluster-shard-00-02.0mtmr.mongodb.net:27017] org.mongodb.driver.cluster - Monitor thread successfully connected to server with description ServerDescription{address=cluster-shard-00-02.0mtmr.mongodb.net:27017, type=REPLICA_SET_PRIMARY, state=CONNECTED, ok=true, minWireVersion=0, maxWireVersion=25, maxDocumentSize=16777216, logicalSessionTimeoutMinutes=30, roundTripTimeNanos=1441143167, setName='atlas-2baa9v-shard-0', canonicalAddress=cluster-shard-00-02.0mtmr.mongodb.net:27017, hosts=[cluster-shard-00-00.0mtmr.mongodb.net:27017, cluster-shard-00-01.0mtmr.mongodb.net:27017, cluster-shard-00-02.0mtmr.mongodb.net:27017], passives=[], arbiters=[], primary='cluster-shard-00-02.0mtmr.mongodb.net:27017', tagSet=TagSet{[Tag{name='availabilityZone', value='apne2-az2'}, Tag{name='diskState', value='READY'}, Tag{name='nodeType', value='ELECTABLE'}, Tag{name='provider', value='AWS'}, Tag{name='region', value='AP_NORTHEAST_2'}, Tag{name='workloadType', value='OPERATIONAL'}]}, electionId=7fffffff0000000000000085, setVersion=6, topologyVersion=TopologyVersion{processId=681a39747c70f3a70817e8ce, counter=6}, lastWriteDate=Sat May 17 21:59:44 KST 2025, lastUpdateTimeNanos=413922612698249}
2025-05-17 21:59:44.291 [ INFO] [cluster-ClusterId{value='6828883e492e0a2b433b3d31', description='null'}-cluster-shard-00-02.0mtmr.mongodb.net:27017] org.mongodb.driver.cluster - Discovered replica set primary cluster-shard-00-02.0mtmr.mongodb.net:27017 with max election id 7fffffff0000000000000085 and max set version 6
2025-05-17 21:59:47.610 [ INFO] [main] org.springframework.boot.web.embedded.netty.NettyWebServer - Netty started on port 8080
2025-05-17 21:59:47.663 [ INFO] [main] pulse.back.BackApplication - Started BackApplication in 14.89 seconds (process running for 16.368)
2025-05-17 22:00:20.968 [ INFO] [parallel-2] org.springdoc.api.AbstractOpenApiResource - Init duration for springdoc-openapi is: 2435 ms
2025-05-17 22:00:29.906 [ INFO] [parallel-3] pulse.back.domain.member.MemberProcessor - social : NAVER
2025-05-17 22:06:32.848 [ INFO] [parallel-4] pulse.back.domain.member.MemberProcessor - social : NAVER
2025-05-17 22:09:08.850 [ INFO] [parallel-5] pulse.back.domain.member.MemberProcessor - social : NAVER
2025-05-17 23:11:28.535 [ INFO] [cluster-ClusterId{value='6828883e492e0a2b433b3d31', description='null'}-cluster-shard-00-00.0mtmr.mongodb.net:27017] org.mongodb.driver.cluster - Exception in monitor thread while connecting to server cluster-shard-00-00.0mtmr.mongodb.net:27017
com.mongodb.MongoSocketReadTimeoutException: Timeout while receiving message
	at com.mongodb.internal.connection.AsynchronousChannelStream$BasicCompletionHandler.failed(AsynchronousChannelStream.java:265)
	at com.mongodb.internal.connection.AsynchronousChannelStream$BasicCompletionHandler.failed(AsynchronousChannelStream.java:235)
	at com.mongodb.internal.connection.tlschannel.async.AsynchronousTlsChannel.lambda$read$6(AsynchronousTlsChannel.java:123)
	at java.base/java.util.concurrent.Executors$RunnableAdapter.call(Executors.java:572)
	at java.base/java.util.concurrent.FutureTask.run$$$capture(FutureTask.java:317)
	at java.base/java.util.concurrent.FutureTask.run(FutureTask.java)
	at java.base/java.util.concurrent.ThreadPoolExecutor.runWorker(ThreadPoolExecutor.java:1144)
	at java.base/java.util.concurrent.ThreadPoolExecutor$Worker.run(ThreadPoolExecutor.java:642)
	at java.base/java.lang.Thread.run(Thread.java:1583)
Caused by: java.nio.channels.InterruptedByTimeoutException: null
	at com.mongodb.internal.connection.tlschannel.async.AsynchronousTlsChannelGroup.lambda$startRead$2(AsynchronousTlsChannelGroup.java:310)
	at java.base/java.util.concurrent.Executors$RunnableAdapter.call(Executors.java:572)
	at java.base/java.util.concurrent.FutureTask.run$$$capture(FutureTask.java:317)
	at java.base/java.util.concurrent.FutureTask.run(FutureTask.java)
	at java.base/java.util.concurrent.ScheduledThreadPoolExecutor$ScheduledFutureTask.run(ScheduledThreadPoolExecutor.java:304)
	... 3 common frames omitted
2025-05-17 23:11:28.535 [ INFO] [cluster-ClusterId{value='6828883e492e0a2b433b3d31', description='null'}-cluster-shard-00-01.0mtmr.mongodb.net:27017] org.mongodb.driver.cluster - Exception in monitor thread while connecting to server cluster-shard-00-01.0mtmr.mongodb.net:27017
com.mongodb.MongoSocketReadTimeoutException: Timeout while receiving message
	at com.mongodb.internal.connection.AsynchronousChannelStream$BasicCompletionHandler.failed(AsynchronousChannelStream.java:265)
	at com.mongodb.internal.connection.AsynchronousChannelStream$BasicCompletionHandler.failed(AsynchronousChannelStream.java:235)
	at com.mongodb.internal.connection.tlschannel.async.AsynchronousTlsChannel.lambda$read$6(AsynchronousTlsChannel.java:123)
	at java.base/java.util.concurrent.Executors$RunnableAdapter.call(Executors.java:572)
	at java.base/java.util.concurrent.FutureTask.run$$$capture(FutureTask.java:317)
	at java.base/java.util.concurrent.FutureTask.run(FutureTask.java)
	at java.base/java.util.concurrent.ThreadPoolExecutor.runWorker(ThreadPoolExecutor.java:1144)
	at java.base/java.util.concurrent.ThreadPoolExecutor$Worker.run(ThreadPoolExecutor.java:642)
	at java.base/java.lang.Thread.run(Thread.java:1583)
Caused by: java.nio.channels.InterruptedByTimeoutException: null
	at com.mongodb.internal.connection.tlschannel.async.AsynchronousTlsChannelGroup.lambda$startRead$2(AsynchronousTlsChannelGroup.java:310)
	at java.base/java.util.concurrent.Executors$RunnableAdapter.call(Executors.java:572)
	at java.base/java.util.concurrent.FutureTask.run$$$capture(FutureTask.java:317)
	at java.base/java.util.concurrent.FutureTask.run(FutureTask.java)
	at java.base/java.util.concurrent.ScheduledThreadPoolExecutor$ScheduledFutureTask.run(ScheduledThreadPoolExecutor.java:304)
	... 3 common frames omitted
2025-05-17 23:11:28.667 [ INFO] [cluster-ClusterId{value='6828883e492e0a2b433b3d31', description='null'}-cluster-shard-00-02.0mtmr.mongodb.net:27017] org.mongodb.driver.cluster - Exception in monitor thread while connecting to server cluster-shard-00-02.0mtmr.mongodb.net:27017
com.mongodb.MongoSocketReadTimeoutException: Timeout while receiving message
	at com.mongodb.internal.connection.AsynchronousChannelStream$BasicCompletionHandler.failed(AsynchronousChannelStream.java:265)
	at com.mongodb.internal.connection.AsynchronousChannelStream$BasicCompletionHandler.failed(AsynchronousChannelStream.java:235)
	at com.mongodb.internal.connection.tlschannel.async.AsynchronousTlsChannel.lambda$read$6(AsynchronousTlsChannel.java:123)
	at java.base/java.util.concurrent.Executors$RunnableAdapter.call(Executors.java:572)
	at java.base/java.util.concurrent.FutureTask.run$$$capture(FutureTask.java:317)
	at java.base/java.util.concurrent.FutureTask.run(FutureTask.java)
	at java.base/java.util.concurrent.ThreadPoolExecutor.runWorker(ThreadPoolExecutor.java:1144)
	at java.base/java.util.concurrent.ThreadPoolExecutor$Worker.run(ThreadPoolExecutor.java:642)
	at java.base/java.lang.Thread.run(Thread.java:1583)
Caused by: java.nio.channels.InterruptedByTimeoutException: null
	at com.mongodb.internal.connection.tlschannel.async.AsynchronousTlsChannelGroup.lambda$startRead$2(AsynchronousTlsChannelGroup.java:310)
	at java.base/java.util.concurrent.Executors$RunnableAdapter.call(Executors.java:572)
	at java.base/java.util.concurrent.FutureTask.run$$$capture(FutureTask.java:317)
	at java.base/java.util.concurrent.FutureTask.run(FutureTask.java)
	at java.base/java.util.concurrent.ScheduledThreadPoolExecutor$ScheduledFutureTask.run(ScheduledThreadPoolExecutor.java:304)
	... 3 common frames omitted
2025-05-17 23:11:29.294 [ INFO] [cluster-ClusterId{value='6828883e492e0a2b433b3d31', description='null'}-cluster-shard-00-01.0mtmr.mongodb.net:27017] org.mongodb.driver.cluster - Monitor thread successfully connected to server with description ServerDescription{address=cluster-shard-00-01.0mtmr.mongodb.net:27017, type=REPLICA_SET_SECONDARY, state=CONNECTED, ok=true, minWireVersion=0, maxWireVersion=25, maxDocumentSize=16777216, logicalSessionTimeoutMinutes=30, roundTripTimeNanos=426846708, setName='atlas-2baa9v-shard-0', canonicalAddress=cluster-shard-00-01.0mtmr.mongodb.net:27017, hosts=[cluster-shard-00-00.0mtmr.mongodb.net:27017, cluster-shard-00-01.0mtmr.mongodb.net:27017, cluster-shard-00-02.0mtmr.mongodb.net:27017], passives=[], arbiters=[], primary='cluster-shard-00-02.0mtmr.mongodb.net:27017', tagSet=TagSet{[Tag{name='availabilityZone', value='apne2-az3'}, Tag{name='diskState', value='READY'}, Tag{name='nodeType', value='ELECTABLE'}, Tag{name='provider', value='AWS'}, Tag{name='region', value='AP_NORTHEAST_2'}, Tag{name='workloadType', value='OPERATIONAL'}]}, electionId=null, setVersion=6, topologyVersion=TopologyVersion{processId=681a3c82267c1c94eea716bd, counter=3}, lastWriteDate=Sat May 17 23:11:29 KST 2025, lastUpdateTimeNanos=417256443592874}
2025-05-17 23:11:29.294 [ INFO] [cluster-ClusterId{value='6828883e492e0a2b433b3d31', description='null'}-cluster-shard-00-02.0mtmr.mongodb.net:27017] org.mongodb.driver.cluster - Monitor thread successfully connected to server with description ServerDescription{address=cluster-shard-00-02.0mtmr.mongodb.net:27017, type=REPLICA_SET_PRIMARY, state=CONNECTED, ok=true, minWireVersion=0, maxWireVersion=25, maxDocumentSize=16777216, logicalSessionTimeoutMinutes=30, roundTripTimeNanos=429591958, setName='atlas-2baa9v-shard-0', canonicalAddress=cluster-shard-00-02.0mtmr.mongodb.net:27017, hosts=[cluster-shard-00-00.0mtmr.mongodb.net:27017, cluster-shard-00-01.0mtmr.mongodb.net:27017, cluster-shard-00-02.0mtmr.mongodb.net:27017], passives=[], arbiters=[], primary='cluster-shard-00-02.0mtmr.mongodb.net:27017', tagSet=TagSet{[Tag{name='availabilityZone', value='apne2-az2'}, Tag{name='diskState', value='READY'}, Tag{name='nodeType', value='ELECTABLE'}, Tag{name='provider', value='AWS'}, Tag{name='region', value='AP_NORTHEAST_2'}, Tag{name='workloadType', value='OPERATIONAL'}]}, electionId=7fffffff0000000000000085, setVersion=6, topologyVersion=TopologyVersion{processId=681a39747c70f3a70817e8ce, counter=6}, lastWriteDate=Sat May 17 23:11:29 KST 2025, lastUpdateTimeNanos=417256443899082}
2025-05-17 23:11:29.294 [ INFO] [cluster-ClusterId{value='6828883e492e0a2b433b3d31', description='null'}-cluster-shard-00-00.0mtmr.mongodb.net:27017] org.mongodb.driver.cluster - Monitor thread successfully connected to server with description ServerDescription{address=cluster-shard-00-00.0mtmr.mongodb.net:27017, type=REPLICA_SET_SECONDARY, state=CONNECTED, ok=true, minWireVersion=0, maxWireVersion=25, maxDocumentSize=16777216, logicalSessionTimeoutMinutes=30, roundTripTimeNanos=327392416, setName='atlas-2baa9v-shard-0', canonicalAddress=cluster-shard-00-00.0mtmr.mongodb.net:27017, hosts=[cluster-shard-00-00.0mtmr.mongodb.net:27017, cluster-shard-00-01.0mtmr.mongodb.net:27017, cluster-shard-00-02.0mtmr.mongodb.net:27017], passives=[], arbiters=[], primary='cluster-shard-00-02.0mtmr.mongodb.net:27017', tagSet=TagSet{[Tag{name='availabilityZone', value='apne2-az1'}, Tag{name='diskState', value='READY'}, Tag{name='nodeType', value='ELECTABLE'}, Tag{name='provider', value='AWS'}, Tag{name='region', value='AP_NORTHEAST_2'}, Tag{name='workloadType', value='OPERATIONAL'}]}, electionId=null, setVersion=6, topologyVersion=TopologyVersion{processId=681a36361f27e7504bd5ef67, counter=5}, lastWriteDate=Sat May 17 23:11:29 KST 2025, lastUpdateTimeNanos=417256443622999}
2025-05-17 23:11:29.304 [ INFO] [cluster-ClusterId{value='6828883e492e0a2b433b3d31', description='null'}-cluster-shard-00-02.0mtmr.mongodb.net:27017] org.mongodb.driver.cluster - Discovered replica set primary cluster-shard-00-02.0mtmr.mongodb.net:27017 with max election id 7fffffff0000000000000085 and max set version 6
2025-05-17 23:31:44.693 [ INFO] [cluster-ClusterId{value='6828883e492e0a2b433b3d31', description='null'}-cluster-shard-00-02.0mtmr.mongodb.net:27017] org.mongodb.driver.cluster - Exception in monitor thread while connecting to server cluster-shard-00-02.0mtmr.mongodb.net:27017
com.mongodb.MongoSocketReadTimeoutException: Timeout while receiving message
	at com.mongodb.internal.connection.AsynchronousChannelStream$BasicCompletionHandler.failed(AsynchronousChannelStream.java:265)
	at com.mongodb.internal.connection.AsynchronousChannelStream$BasicCompletionHandler.failed(AsynchronousChannelStream.java:235)
	at com.mongodb.internal.connection.tlschannel.async.AsynchronousTlsChannel.lambda$read$6(AsynchronousTlsChannel.java:123)
	at java.base/java.util.concurrent.Executors$RunnableAdapter.call(Executors.java:572)
	at java.base/java.util.concurrent.FutureTask.run$$$capture(FutureTask.java:317)
	at java.base/java.util.concurrent.FutureTask.run(FutureTask.java)
	at java.base/java.util.concurrent.ThreadPoolExecutor.runWorker(ThreadPoolExecutor.java:1144)
	at java.base/java.util.concurrent.ThreadPoolExecutor$Worker.run(ThreadPoolExecutor.java:642)
	at java.base/java.lang.Thread.run(Thread.java:1583)
Caused by: java.nio.channels.InterruptedByTimeoutException: null
	at com.mongodb.internal.connection.tlschannel.async.AsynchronousTlsChannelGroup.lambda$startRead$2(AsynchronousTlsChannelGroup.java:310)
	at java.base/java.util.concurrent.Executors$RunnableAdapter.call(Executors.java:572)
	at java.base/java.util.concurrent.FutureTask.run$$$capture(FutureTask.java:317)
	at java.base/java.util.concurrent.FutureTask.run(FutureTask.java)
	at java.base/java.util.concurrent.ScheduledThreadPoolExecutor$ScheduledFutureTask.run(ScheduledThreadPoolExecutor.java:304)
	... 3 common frames omitted
2025-05-17 23:31:44.693 [ INFO] [cluster-ClusterId{value='6828883e492e0a2b433b3d31', description='null'}-cluster-shard-00-00.0mtmr.mongodb.net:27017] org.mongodb.driver.cluster - Exception in monitor thread while connecting to server cluster-shard-00-00.0mtmr.mongodb.net:27017
com.mongodb.MongoSocketReadTimeoutException: Timeout while receiving message
	at com.mongodb.internal.connection.AsynchronousChannelStream$BasicCompletionHandler.failed(AsynchronousChannelStream.java:265)
	at com.mongodb.internal.connection.AsynchronousChannelStream$BasicCompletionHandler.failed(AsynchronousChannelStream.java:235)
	at com.mongodb.internal.connection.tlschannel.async.AsynchronousTlsChannel.lambda$read$6(AsynchronousTlsChannel.java:123)
	at java.base/java.util.concurrent.Executors$RunnableAdapter.call(Executors.java:572)
	at java.base/java.util.concurrent.FutureTask.run$$$capture(FutureTask.java:317)
	at java.base/java.util.concurrent.FutureTask.run(FutureTask.java)
	at java.base/java.util.concurrent.ThreadPoolExecutor.runWorker(ThreadPoolExecutor.java:1144)
	at java.base/java.util.concurrent.ThreadPoolExecutor$Worker.run(ThreadPoolExecutor.java:642)
	at java.base/java.lang.Thread.run(Thread.java:1583)
Caused by: java.nio.channels.InterruptedByTimeoutException: null
	at com.mongodb.internal.connection.tlschannel.async.AsynchronousTlsChannelGroup.lambda$startRead$2(AsynchronousTlsChannelGroup.java:310)
	at java.base/java.util.concurrent.Executors$RunnableAdapter.call(Executors.java:572)
	at java.base/java.util.concurrent.FutureTask.run$$$capture(FutureTask.java:317)
	at java.base/java.util.concurrent.FutureTask.run(FutureTask.java)
	at java.base/java.util.concurrent.ScheduledThreadPoolExecutor$ScheduledFutureTask.run(ScheduledThreadPoolExecutor.java:304)
	... 3 common frames omitted
2025-05-17 23:31:44.707 [ INFO] [cluster-ClusterId{value='6828883e492e0a2b433b3d31', description='null'}-cluster-shard-00-01.0mtmr.mongodb.net:27017] org.mongodb.driver.cluster - Exception in monitor thread while connecting to server cluster-shard-00-01.0mtmr.mongodb.net:27017
com.mongodb.MongoSocketReadTimeoutException: Timeout while receiving message
	at com.mongodb.internal.connection.AsynchronousChannelStream$BasicCompletionHandler.failed(AsynchronousChannelStream.java:265)
	at com.mongodb.internal.connection.AsynchronousChannelStream$BasicCompletionHandler.failed(AsynchronousChannelStream.java:235)
	at com.mongodb.internal.connection.tlschannel.async.AsynchronousTlsChannel.lambda$read$6(AsynchronousTlsChannel.java:123)
	at java.base/java.util.concurrent.Executors$RunnableAdapter.call(Executors.java:572)
	at java.base/java.util.concurrent.FutureTask.run$$$capture(FutureTask.java:317)
	at java.base/java.util.concurrent.FutureTask.run(FutureTask.java)
	at java.base/java.util.concurrent.ThreadPoolExecutor.runWorker(ThreadPoolExecutor.java:1144)
	at java.base/java.util.concurrent.ThreadPoolExecutor$Worker.run(ThreadPoolExecutor.java:642)
	at java.base/java.lang.Thread.run(Thread.java:1583)
Caused by: java.nio.channels.InterruptedByTimeoutException: null
	at com.mongodb.internal.connection.tlschannel.async.AsynchronousTlsChannelGroup.lambda$startRead$2(AsynchronousTlsChannelGroup.java:310)
	at java.base/java.util.concurrent.Executors$RunnableAdapter.call(Executors.java:572)
	at java.base/java.util.concurrent.FutureTask.run$$$capture(FutureTask.java:317)
	at java.base/java.util.concurrent.FutureTask.run(FutureTask.java)
	at java.base/java.util.concurrent.ScheduledThreadPoolExecutor$ScheduledFutureTask.run(ScheduledThreadPoolExecutor.java:304)
	... 3 common frames omitted
2025-05-17 23:31:44.805 [ INFO] [cluster-ClusterId{value='6828883e492e0a2b433b3d31', description='null'}-cluster-shard-00-02.0mtmr.mongodb.net:27017] org.mongodb.driver.cluster - Monitor thread successfully connected to server with description ServerDescription{address=cluster-shard-00-02.0mtmr.mongodb.net:27017, type=REPLICA_SET_PRIMARY, state=CONNECTED, ok=true, minWireVersion=0, maxWireVersion=25, maxDocumentSize=16777216, logicalSessionTimeoutMinutes=30, roundTripTimeNanos=73873333, setName='atlas-2baa9v-shard-0', canonicalAddress=cluster-shard-00-02.0mtmr.mongodb.net:27017, hosts=[cluster-shard-00-00.0mtmr.mongodb.net:27017, cluster-shard-00-01.0mtmr.mongodb.net:27017, cluster-shard-00-02.0mtmr.mongodb.net:27017], passives=[], arbiters=[], primary='cluster-shard-00-02.0mtmr.mongodb.net:27017', tagSet=TagSet{[Tag{name='availabilityZone', value='apne2-az2'}, Tag{name='diskState', value='READY'}, Tag{name='nodeType', value='ELECTABLE'}, Tag{name='provider', value='AWS'}, Tag{name='region', value='AP_NORTHEAST_2'}, Tag{name='workloadType', value='OPERATIONAL'}]}, electionId=7fffffff0000000000000085, setVersion=6, topologyVersion=TopologyVersion{processId=681a39747c70f3a70817e8ce, counter=6}, lastWriteDate=Sat May 17 23:31:44 KST 2025, lastUpdateTimeNanos=417456754675208}
2025-05-17 23:31:44.805 [ INFO] [cluster-ClusterId{value='6828883e492e0a2b433b3d31', description='null'}-cluster-shard-00-00.0mtmr.mongodb.net:27017] org.mongodb.driver.cluster - Monitor thread successfully connected to server with description ServerDescription{address=cluster-shard-00-00.0mtmr.mongodb.net:27017, type=REPLICA_SET_SECONDARY, state=CONNECTED, ok=true, minWireVersion=0, maxWireVersion=25, maxDocumentSize=16777216, logicalSessionTimeoutMinutes=30, roundTripTimeNanos=73049167, setName='atlas-2baa9v-shard-0', canonicalAddress=cluster-shard-00-00.0mtmr.mongodb.net:27017, hosts=[cluster-shard-00-00.0mtmr.mongodb.net:27017, cluster-shard-00-01.0mtmr.mongodb.net:27017, cluster-shard-00-02.0mtmr.mongodb.net:27017], passives=[], arbiters=[], primary='cluster-shard-00-02.0mtmr.mongodb.net:27017', tagSet=TagSet{[Tag{name='availabilityZone', value='apne2-az1'}, Tag{name='diskState', value='READY'}, Tag{name='nodeType', value='ELECTABLE'}, Tag{name='provider', value='AWS'}, Tag{name='region', value='AP_NORTHEAST_2'}, Tag{name='workloadType', value='OPERATIONAL'}]}, electionId=null, setVersion=6, topologyVersion=TopologyVersion{processId=681a36361f27e7504bd5ef67, counter=5}, lastWriteDate=Sat May 17 23:31:44 KST 2025, lastUpdateTimeNanos=417456754676500}
2025-05-17 23:31:44.805 [ INFO] [cluster-ClusterId{value='6828883e492e0a2b433b3d31', description='null'}-cluster-shard-00-01.0mtmr.mongodb.net:27017] org.mongodb.driver.cluster - Monitor thread successfully connected to server with description ServerDescription{address=cluster-shard-00-01.0mtmr.mongodb.net:27017, type=REPLICA_SET_SECONDARY, state=CONNECTED, ok=true, minWireVersion=0, maxWireVersion=25, maxDocumentSize=16777216, logicalSessionTimeoutMinutes=30, roundTripTimeNanos=71864959, setName='atlas-2baa9v-shard-0', canonicalAddress=cluster-shard-00-01.0mtmr.mongodb.net:27017, hosts=[cluster-shard-00-00.0mtmr.mongodb.net:27017, cluster-shard-00-01.0mtmr.mongodb.net:27017, cluster-shard-00-02.0mtmr.mongodb.net:27017], passives=[], arbiters=[], primary='cluster-shard-00-02.0mtmr.mongodb.net:27017', tagSet=TagSet{[Tag{name='availabilityZone', value='apne2-az3'}, Tag{name='diskState', value='READY'}, Tag{name='nodeType', value='ELECTABLE'}, Tag{name='provider', value='AWS'}, Tag{name='region', value='AP_NORTHEAST_2'}, Tag{name='workloadType', value='OPERATIONAL'}]}, electionId=null, setVersion=6, topologyVersion=TopologyVersion{processId=681a3c82267c1c94eea716bd, counter=3}, lastWriteDate=Sat May 17 23:31:44 KST 2025, lastUpdateTimeNanos=417456753224208}
2025-05-17 23:31:44.806 [ INFO] [cluster-ClusterId{value='6828883e492e0a2b433b3d31', description='null'}-cluster-shard-00-02.0mtmr.mongodb.net:27017] org.mongodb.driver.cluster - Discovered replica set primary cluster-shard-00-02.0mtmr.mongodb.net:27017 with max election id 7fffffff0000000000000085 and max set version 6
